Starting experiment: comparative-benchmark
[ComparativeBenchmark] Setting up...
[ComparativeBenchmark] Running comparative benchmarks...

=== Experiment 1: Scalability (varying N) ===

N = 100
[ComparativeBenchmark] Running Nomos baseline...
[ComparativeBenchmark] Running MC-ODXT...
[ComparativeBenchmark] Running VQNomos...
  Nomos: Update=4.21556ms, Search=2.4083ms
  MC-ODXT: Update=3.8233ms, Search=4.35737ms
  VQNomos: Update=4.25213ms, Search=2.5971ms

N = 500
[ComparativeBenchmark] Running Nomos baseline...
[ComparativeBenchmark] Running MC-ODXT...
[ComparativeBenchmark] Running VQNomos...
  Nomos: Update=4.14851ms, Search=2.3979ms
  MC-ODXT: Update=3.70269ms, Search=4.33075ms
  VQNomos: Update=4.30914ms, Search=2.6789ms

N = 1000
[ComparativeBenchmark] Running Nomos baseline...
[ComparativeBenchmark] Running MC-ODXT...
[ComparativeBenchmark] Running VQNomos...
  Nomos: Update=4.29419ms, Search=2.3917ms
  MC-ODXT: Update=3.60583ms, Search=4.37529ms
  VQNomos: Update=4.34091ms, Search=2.6096ms

N = 5000
[ComparativeBenchmark] Running Nomos baseline...
[ComparativeBenchmark] Running MC-ODXT...
[ComparativeBenchmark] Running VQNomos...
  Nomos: Update=4.20601ms, Search=2.3945ms
  MC-ODXT: Update=3.59081ms, Search=4.37131ms
  VQNomos: Update=4.33633ms, Search=2.6084ms
[ComparativeBenchmark] Results exported to comparative_results.csv

[ComparativeBenchmark] Benchmark complete!
[ComparativeBenchmark] Tearing down...
