Starting experiment: comparative-benchmark
[ComparativeBenchmark] Setting up...
[ComparativeBenchmark] Running comparative benchmarks...

=== Experiment 1: Scalability (varying N) ===

N = 100
[ComparativeBenchmark] Running Nomos baseline...
[ComparativeBenchmark] Running MC-ODXT...
[ComparativeBenchmark] Running VQNomos...
  Nomos: Update=4.15502ms, Search=2.4071ms
  MC-ODXT: Update=3.6109ms, Search=4.31897ms
  VQNomos: Update=4.26638ms, Search=2.6222ms

N = 500
[ComparativeBenchmark] Running Nomos baseline...
[ComparativeBenchmark] Running MC-ODXT...
[ComparativeBenchmark] Running VQNomos...
  Nomos: Update=4.19065ms, Search=2.397ms
  MC-ODXT: Update=3.57182ms, Search=4.36991ms
  VQNomos: Update=4.23982ms, Search=2.6166ms

N = 1000
[ComparativeBenchmark] Running Nomos baseline...
[ComparativeBenchmark] Running MC-ODXT...
[ComparativeBenchmark] Running VQNomos...
  Nomos: Update=4.1409ms, Search=2.3889ms
  MC-ODXT: Update=3.57948ms, Search=4.34817ms
  VQNomos: Update=4.25079ms, Search=2.61ms

N = 5000
[ComparativeBenchmark] Running Nomos baseline...
[ComparativeBenchmark] Running MC-ODXT...
[ComparativeBenchmark] Running VQNomos...
  Nomos: Update=4.15738ms, Search=2.3983ms
  MC-ODXT: Update=3.5872ms, Search=4.65613ms
  VQNomos: Update=4.26451ms, Search=2.608ms
[ComparativeBenchmark] Results exported to comparative_results.csv

[ComparativeBenchmark] Benchmark complete!
[ComparativeBenchmark] Tearing down...
