Starting experiment: comparative-benchmark
[ComparativeBenchmark] Setting up...
[ComparativeBenchmark] Running comparative benchmarks...

=== Experiment 1: Scalability (varying N) ===

N = 100
[ComparativeBenchmark] Running Nomos baseline...
[ComparativeBenchmark] Running MC-ODXT...
[ComparativeBenchmark] Running VQNomos...
  Nomos: Update=4.18444ms, Search=2.3982ms
  MC-ODXT: Update=3.61584ms, Search=4.36629ms
  VQNomos: Update=4.2632ms, Search=2.624ms

N = 500
[ComparativeBenchmark] Running Nomos baseline...
[ComparativeBenchmark] Running MC-ODXT...
[ComparativeBenchmark] Running VQNomos...
  Nomos: Update=4.18989ms, Search=2.4027ms
  MC-ODXT: Update=3.58321ms, Search=4.34507ms
  VQNomos: Update=4.25446ms, Search=2.5948ms

N = 1000
[ComparativeBenchmark] Running Nomos baseline...
[ComparativeBenchmark] Running MC-ODXT...
[ComparativeBenchmark] Running VQNomos...
  Nomos: Update=4.15072ms, Search=2.3931ms
  MC-ODXT: Update=3.5734ms, Search=4.31771ms
  VQNomos: Update=4.25388ms, Search=2.6016ms

N = 5000
[ComparativeBenchmark] Running Nomos baseline...
[ComparativeBenchmark] Running MC-ODXT...
[ComparativeBenchmark] Running VQNomos...
  Nomos: Update=4.15478ms, Search=2.4075ms
  MC-ODXT: Update=3.57712ms, Search=4.36663ms
  VQNomos: Update=4.31608ms, Search=2.6041ms
[ComparativeBenchmark] Results exported to comparative_results.csv

[ComparativeBenchmark] Benchmark complete!
[ComparativeBenchmark] Tearing down...
