Starting experiment: comparative-benchmark
[ComparativeBenchmark] Setting up...
[ComparativeBenchmark] Running comparative benchmarks...

=== Experiment 1: Scalability (varying N) ===

N = 100
[ComparativeBenchmark] Running Nomos baseline...
[ComparativeBenchmark] Running MC-ODXT...
[ComparativeBenchmark] Running VQNomos...
  Nomos: Update=4.20504ms, Search=2.443ms
  MC-ODXT: Update=3.82384ms, Search=4.32867ms
  VQNomos: Update=4.45373ms, Search=2.6696ms

N = 500
[ComparativeBenchmark] Running Nomos baseline...
[ComparativeBenchmark] Running MC-ODXT...
[ComparativeBenchmark] Running VQNomos...
  Nomos: Update=4.45424ms, Search=2.4077ms
  MC-ODXT: Update=3.63301ms, Search=4.36338ms
  VQNomos: Update=4.37234ms, Search=3.0274ms

N = 1000
[ComparativeBenchmark] Running Nomos baseline...
[ComparativeBenchmark] Running MC-ODXT...
[ComparativeBenchmark] Running VQNomos...
  Nomos: Update=4.65935ms, Search=2.6096ms
  MC-ODXT: Update=3.73929ms, Search=4.32315ms
  VQNomos: Update=4.27258ms, Search=2.6034ms

N = 5000
[ComparativeBenchmark] Running Nomos baseline...
[ComparativeBenchmark] Running MC-ODXT...
[ComparativeBenchmark] Running VQNomos...
  Nomos: Update=4.15447ms, Search=2.3996ms
  MC-ODXT: Update=3.57372ms, Search=4.35925ms
  VQNomos: Update=4.27658ms, Search=2.5995ms
[ComparativeBenchmark] Results exported to comparative_results.csv

[ComparativeBenchmark] Benchmark complete!
[ComparativeBenchmark] Tearing down...
