Starting experiment: comparative-benchmark
[ComparativeBenchmark] Setting up...
[ComparativeBenchmark] Running comparative benchmarks...

=== Experiment 1: Scalability (varying N) ===

N = 100
[ComparativeBenchmark] Running Nomos baseline...
[ComparativeBenchmark] Running MC-ODXT...
[ComparativeBenchmark] Running VQNomos...
  Nomos: Update=4.25692ms, Search=2.3845ms
  MC-ODXT: Update=3.6182ms, Search=4.34106ms
  VQNomos: Update=4.26164ms, Search=2.5894ms

N = 500
[ComparativeBenchmark] Running Nomos baseline...
[ComparativeBenchmark] Running MC-ODXT...
[ComparativeBenchmark] Running VQNomos...
  Nomos: Update=4.16086ms, Search=2.3941ms
  MC-ODXT: Update=3.59956ms, Search=4.34594ms
  VQNomos: Update=4.23392ms, Search=2.6041ms

N = 1000
[ComparativeBenchmark] Running Nomos baseline...
[ComparativeBenchmark] Running MC-ODXT...
[ComparativeBenchmark] Running VQNomos...
  Nomos: Update=4.1747ms, Search=2.3998ms
  MC-ODXT: Update=3.56505ms, Search=4.32715ms
  VQNomos: Update=4.26876ms, Search=2.6136ms

N = 5000
[ComparativeBenchmark] Running Nomos baseline...
[ComparativeBenchmark] Running MC-ODXT...
[ComparativeBenchmark] Running VQNomos...
  Nomos: Update=4.14876ms, Search=2.4068ms
  MC-ODXT: Update=3.58085ms, Search=4.35604ms
  VQNomos: Update=4.25228ms, Search=2.622ms
[ComparativeBenchmark] Results exported to comparative_results.csv

[ComparativeBenchmark] Benchmark complete!
[ComparativeBenchmark] Tearing down...
