Starting experiment: chapter4-client-search-fixed-w1
Configuration:
  --dataset: Crime
  --repeat: 1
  --output-dir: /Users/cyan/code/paper/Nomos/results/ch4/client_search_time_fixed_w1
[ClientSearchFixedW1] Setting up...
[ClientSearchFixedW1] Running Chapter 4 client search benchmark
Output directory: /Users/cyan/code/paper/Nomos/results/ch4/client_search_time_fixed_w1
Repeat count: 1
[DatasetLoader] Loading dataset: Crime
[DatasetLoader] File: /Users/cyan/code/paper/pic/raw_data/Crime_filecnt_sorted.json
[DatasetLoader] Loaded 63659 keywords, 7989987 total documents

[ClientSearchFixedW1] Dataset 1/1: Crime (1624 points)
  Processed 250/1624 points
  Processed 500/1624 points
  Processed 750/1624 points
  Processed 1000/1624 points
  Processed 1250/1624 points
  Processed 1500/1624 points
  Processed 1624/1624 points

[ClientSearchFixedW1] Benchmark complete.
[ClientSearchFixedW1] Tearing down...
