Starting experiment: chapter4-client-search-fixed-w1
Configuration:
  --dataset: Enron
  --repeat: 1
  --output-dir: /Users/cyan/code/paper/Nomos/results/ch4/client_search_time_fixed_w1
[ClientSearchFixedW1] Setting up...
[ClientSearchFixedW1] Running Chapter 4 client search benchmark
Output directory: /Users/cyan/code/paper/Nomos/results/ch4/client_search_time_fixed_w1
Repeat count: 1
[DatasetLoader] Loading dataset: Enron
[DatasetLoader] File: /Users/cyan/code/paper/pic/raw_data/Enron_filecnt_sorted.json
[DatasetLoader] Loaded 16242 keywords, 5000242 total documents

[ClientSearchFixedW1] Dataset 1/1: Enron (1436 points)
  Processed 250/1436 points
  Processed 500/1436 points
  Processed 750/1436 points
  Processed 1000/1436 points
  Processed 1250/1436 points
  Processed 1436/1436 points

[ClientSearchFixedW1] Benchmark complete.
[ClientSearchFixedW1] Tearing down...
